DEPRECATION WARNING [legacy-js-api]: The legacy JS API is deprecated and will be removed in Dart Sass 2.0.0.

More info: https://sass-lang.com/d/legacy-js-api

DEPRECATION WARNING [legacy-js-api]: The legacy JS API is deprecated and will be removed in Dart Sass 2.0.0.

More info: https://sass-lang.com/d/legacy-js-api

DEPRECATION WARNING [legacy-js-api]: The legacy JS API is deprecated and will be removed in Dart Sass 2.0.0.

More info: https://sass-lang.com/d/legacy-js-api

DEPRECATION WARNING [legacy-js-api]: The legacy JS API is deprecated and will be removed in Dart Sass 2.0.0.

More info: https://sass-lang.com/d/legacy-js-api

DEPRECATION WARNING [legacy-js-api]: The legacy JS API is deprecated and will be removed in Dart Sass 2.0.0.

More info: https://sass-lang.com/d/legacy-js-api

DEPRECATION WARNING [legacy-js-api]: The legacy JS API is deprecated and will be removed in Dart Sass 2.0.0.

More info: https://sass-lang.com/d/legacy-js-api

DEPRECATION WARNING [legacy-js-api]: The legacy JS API is deprecated and will be removed in Dart Sass 2.0.0.

More info: https://sass-lang.com/d/legacy-js-api

DEPRECATION WARNING [legacy-js-api]: The legacy JS API is deprecated and will be removed in Dart Sass 2.0.0.

More info: https://sass-lang.com/d/legacy-js-api

DEPRECATION WARNING [legacy-js-api]: The legacy JS API is deprecated and will be removed in Dart Sass 2.0.0.

More info: https://sass-lang.com/d/legacy-js-api

DEPRECATION WARNING [legacy-js-api]: The legacy JS API is deprecated and will be removed in Dart Sass 2.0.0.

More info: https://sass-lang.com/d/legacy-js-api

DEPRECATION WARNING [legacy-js-api]: The legacy JS API is deprecated and will be removed in Dart Sass 2.0.0.

More info: https://sass-lang.com/d/legacy-js-api

DEPRECATION WARNING [import]: Sass @import rules are deprecated and will be removed in Dart Sass 3.0.0.

More info and automated migrator: https://sass-lang.com/d/import

   ╷
13 │ @import 'components/welcome';
   │         ^^^^^^^^^^^^^^^^^^^^
   ╵
    src\sass\app.scss 13:9  root stylesheet

DEPRECATION WARNING [import]: Sass @import rules are deprecated and will be removed in Dart Sass 3.0.0.

More info and automated migrator: https://sass-lang.com/d/import

   ╷
14 │ @import 'components/lang';
   │         ^^^^^^^^^^^^^^^^^
   ╵
    src\sass\app.scss 14:9  root stylesheet

DEPRECATION WARNING [import]: Sass @import rules are deprecated and will be removed in Dart Sass 3.0.0.

More info and automated migrator: https://sass-lang.com/d/import

   ╷
15 │ @import 'components/main';
   │         ^^^^^^^^^^^^^^^^^
   ╵
    src\sass\app.scss 15:9  root stylesheet

DEPRECATION WARNING [import]: Sass @import rules are deprecated and will be removed in Dart Sass 3.0.0.

More info and automated migrator: https://sass-lang.com/d/import

   ╷
16 │ @import 'components/navigation_bar';
   │         ^^^^^^^^^^^^^^^^^^^^^^^^^^^
   ╵
    src\sass\app.scss 16:9  root stylesheet

DEPRECATION WARNING [import]: Sass @import rules are deprecated and will be removed in Dart Sass 3.0.0.

More info and automated migrator: https://sass-lang.com/d/import

   ╷
17 │ @import 'components/head_backward';
   │         ^^^^^^^^^^^^^^^^^^^^^^^^^^
   ╵
    src\sass\app.scss 17:9  root stylesheet

DEPRECATION WARNING [strict-unary]: This operation is parsed as:

    0 - $offset

but you may have intended it to mean:

    0 (-$offset)

Add a space after - to clarify that it's meant to be a binary operation, or wrap
it in parentheses to make it a unary operation. This will be an error in future
versions of Sass.

More info and automated migrator: https://sass-lang.com/d/strict-unary

    ╷
227 │                 margin: 0 -$offset;
    │                         ^^^^^^^^^^
    ╵
    src\sass\components\full\start.scss 227:25  @import
    src\sass\app.scss 37:9                      root stylesheet

DEPRECATION WARNING [strict-unary]: This operation is parsed as:

    0 - $offset

but you may have intended it to mean:

    0 (-$offset)

Add a space after - to clarify that it's meant to be a binary operation, or wrap
it in parentheses to make it a unary operation. This will be an error in future
versions of Sass.

More info and automated migrator: https://sass-lang.com/d/strict-unary

   ╷
30 │             margin: 0 -$offset;
   │                     ^^^^^^^^^^
   ╵
    src\sass\components\full\start_new.scss 30:21  @import
    src\sass\app.scss 38:9                         root stylesheet

WARNING: 86 repetitive deprecation warnings omitted.

DEPRECATION WARNING [legacy-js-api]: The legacy JS API is deprecated and will be removed in Dart Sass 2.0.0.

More info: https://sass-lang.com/d/legacy-js-api

(node:16772) [DEP0180] DeprecationWarning: fs.Stats constructor is deprecated.
(Use `node --trace-deprecation ...` to show where the warning was created)
DEPRECATION WARNING [legacy-js-api]: The legacy JS API is deprecated and will be removed in Dart Sass 2.0.0.

More info: https://sass-lang.com/d/legacy-js-api

DEPRECATION WARNING [legacy-js-api]: The legacy JS API is deprecated and will be removed in Dart Sass 2.0.0.

More info: https://sass-lang.com/d/legacy-js-api

DEPRECATION WARNING [legacy-js-api]: The legacy JS API is deprecated and will be removed in Dart Sass 2.0.0.

More info: https://sass-lang.com/d/legacy-js-api

DEPRECATION WARNING [legacy-js-api]: The legacy JS API is deprecated and will be removed in Dart Sass 2.0.0.

More info: https://sass-lang.com/d/legacy-js-api

DEPRECATION WARNING [legacy-js-api]: The legacy JS API is deprecated and will be removed in Dart Sass 2.0.0.

More info: https://sass-lang.com/d/legacy-js-api

DEPRECATION WARNING [legacy-js-api]: The legacy JS API is deprecated and will be removed in Dart Sass 2.0.0.

More info: https://sass-lang.com/d/legacy-js-api

DEPRECATION WARNING [legacy-js-api]: The legacy JS API is deprecated and will be removed in Dart Sass 2.0.0.

More info: https://sass-lang.com/d/legacy-js-api

DEPRECATION WARNING [legacy-js-api]: The legacy JS API is deprecated and will be removed in Dart Sass 2.0.0.

More info: https://sass-lang.com/d/legacy-js-api

DEPRECATION WARNING [legacy-js-api]: The legacy JS API is deprecated and will be removed in Dart Sass 2.0.0.

More info: https://sass-lang.com/d/legacy-js-api

DEPRECATION WARNING [import]: Sass @import rules are deprecated and will be removed in Dart Sass 3.0.0.

More info and automated migrator: https://sass-lang.com/d/import

   ╷
13 │ @import 'components/welcome';
   │         ^^^^^^^^^^^^^^^^^^^^
   ╵
    src\sass\app.scss 13:9  root stylesheet

DEPRECATION WARNING [import]: Sass @import rules are deprecated and will be removed in Dart Sass 3.0.0.

More info and automated migrator: https://sass-lang.com/d/import

   ╷
14 │ @import 'components/lang';
   │         ^^^^^^^^^^^^^^^^^
   ╵
    src\sass\app.scss 14:9  root stylesheet

DEPRECATION WARNING [import]: Sass @import rules are deprecated and will be removed in Dart Sass 3.0.0.

More info and automated migrator: https://sass-lang.com/d/import

   ╷
15 │ @import 'components/main';
   │         ^^^^^^^^^^^^^^^^^
   ╵
    src\sass\app.scss 15:9  root stylesheet

DEPRECATION WARNING [import]: Sass @import rules are deprecated and will be removed in Dart Sass 3.0.0.

More info and automated migrator: https://sass-lang.com/d/import

   ╷
16 │ @import 'components/navigation_bar';
   │         ^^^^^^^^^^^^^^^^^^^^^^^^^^^
   ╵
    src\sass\app.scss 16:9  root stylesheet

DEPRECATION WARNING [import]: Sass @import rules are deprecated and will be removed in Dart Sass 3.0.0.

More info and automated migrator: https://sass-lang.com/d/import

   ╷
17 │ @import 'components/head_backward';
   │         ^^^^^^^^^^^^^^^^^^^^^^^^^^
   ╵
    src\sass\app.scss 17:9  root stylesheet

DEPRECATION WARNING [strict-unary]: This operation is parsed as:

    0 - $offset

but you may have intended it to mean:

    0 (-$offset)

Add a space after - to clarify that it's meant to be a binary operation, or wrap
it in parentheses to make it a unary operation. This will be an error in future
versions of Sass.

More info and automated migrator: https://sass-lang.com/d/strict-unary

    ╷
227 │                 margin: 0 -$offset;
    │                         ^^^^^^^^^^
    ╵
    src\sass\components\full\start.scss 227:25  @import
    src\sass\app.scss 37:9                      root stylesheet

DEPRECATION WARNING [strict-unary]: This operation is parsed as:

    0 - $offset

but you may have intended it to mean:

    0 (-$offset)

Add a space after - to clarify that it's meant to be a binary operation, or wrap
it in parentheses to make it a unary operation. This will be an error in future
versions of Sass.

More info and automated migrator: https://sass-lang.com/d/strict-unary

   ╷
30 │             margin: 0 -$offset;
   │                     ^^^^^^^^^^
   ╵
    src\sass\components\full\start_new.scss 30:21  @import
    src\sass\app.scss 38:9                         root stylesheet

WARNING: 86 repetitive deprecation warnings omitted.

DEPRECATION WARNING [legacy-js-api]: The legacy JS API is deprecated and will be removed in Dart Sass 2.0.0.

More info: https://sass-lang.com/d/legacy-js-api

DEPRECATION WARNING [legacy-js-api]: The legacy JS API is deprecated and will be removed in Dart Sass 2.0.0.

More info: https://sass-lang.com/d/legacy-js-api

DEPRECATION WARNING [legacy-js-api]: The legacy JS API is deprecated and will be removed in Dart Sass 2.0.0.

More info: https://sass-lang.com/d/legacy-js-api

DEPRECATION WARNING [legacy-js-api]: The legacy JS API is deprecated and will be removed in Dart Sass 2.0.0.

More info: https://sass-lang.com/d/legacy-js-api

DEPRECATION WARNING [legacy-js-api]: The legacy JS API is deprecated and will be removed in Dart Sass 2.0.0.

More info: https://sass-lang.com/d/legacy-js-api

DEPRECATION WARNING [legacy-js-api]: The legacy JS API is deprecated and will be removed in Dart Sass 2.0.0.

More info: https://sass-lang.com/d/legacy-js-api

DEPRECATION WARNING [legacy-js-api]: The legacy JS API is deprecated and will be removed in Dart Sass 2.0.0.

More info: https://sass-lang.com/d/legacy-js-api

DEPRECATION WARNING [legacy-js-api]: The legacy JS API is deprecated and will be removed in Dart Sass 2.0.0.

More info: https://sass-lang.com/d/legacy-js-api

DEPRECATION WARNING [legacy-js-api]: The legacy JS API is deprecated and will be removed in Dart Sass 2.0.0.

More info: https://sass-lang.com/d/legacy-js-api

DEPRECATION WARNING [legacy-js-api]: The legacy JS API is deprecated and will be removed in Dart Sass 2.0.0.

More info: https://sass-lang.com/d/legacy-js-api

DEPRECATION WARNING [legacy-js-api]: The legacy JS API is deprecated and will be removed in Dart Sass 2.0.0.

More info: https://sass-lang.com/d/legacy-js-api

DEPRECATION WARNING [legacy-js-api]: The legacy JS API is deprecated and will be removed in Dart Sass 2.0.0.

More info: https://sass-lang.com/d/legacy-js-api

DEPRECATION WARNING [legacy-js-api]: The legacy JS API is deprecated and will be removed in Dart Sass 2.0.0.

More info: https://sass-lang.com/d/legacy-js-api

DEPRECATION WARNING [legacy-js-api]: The legacy JS API is deprecated and will be removed in Dart Sass 2.0.0.

More info: https://sass-lang.com/d/legacy-js-api

DEPRECATION WARNING [import]: Sass @import rules are deprecated and will be removed in Dart Sass 3.0.0.

More info and automated migrator: https://sass-lang.com/d/import

   ╷
13 │ @import 'components/welcome';
   │         ^^^^^^^^^^^^^^^^^^^^
   ╵
    src\sass\app.scss 13:9  root stylesheet

DEPRECATION WARNING [import]: Sass @import rules are deprecated and will be removed in Dart Sass 3.0.0.

More info and automated migrator: https://sass-lang.com/d/import

   ╷
14 │ @import 'components/lang';
   │         ^^^^^^^^^^^^^^^^^
   ╵
    src\sass\app.scss 14:9  root stylesheet

DEPRECATION WARNING [import]: Sass @import rules are deprecated and will be removed in Dart Sass 3.0.0.

More info and automated migrator: https://sass-lang.com/d/import

   ╷
15 │ @import 'components/main';
   │         ^^^^^^^^^^^^^^^^^
   ╵
    src\sass\app.scss 15:9  root stylesheet

DEPRECATION WARNING [import]: Sass @import rules are deprecated and will be removed in Dart Sass 3.0.0.

More info and automated migrator: https://sass-lang.com/d/import

   ╷
16 │ @import 'components/navigation_bar';
   │         ^^^^^^^^^^^^^^^^^^^^^^^^^^^
   ╵
    src\sass\app.scss 16:9  root stylesheet

DEPRECATION WARNING [import]: Sass @import rules are deprecated and will be removed in Dart Sass 3.0.0.

More info and automated migrator: https://sass-lang.com/d/import

   ╷
17 │ @import 'components/head_backward';
   │         ^^^^^^^^^^^^^^^^^^^^^^^^^^
   ╵
    src\sass\app.scss 17:9  root stylesheet

DEPRECATION WARNING [strict-unary]: This operation is parsed as:

    0 - $offset

but you may have intended it to mean:

    0 (-$offset)

Add a space after - to clarify that it's meant to be a binary operation, or wrap
it in parentheses to make it a unary operation. This will be an error in future
versions of Sass.

More info and automated migrator: https://sass-lang.com/d/strict-unary

    ╷
227 │                 margin: 0 -$offset;
    │                         ^^^^^^^^^^
    ╵
    src\sass\components\full\start.scss 227:25  @import
    src\sass\app.scss 37:9                      root stylesheet

DEPRECATION WARNING [strict-unary]: This operation is parsed as:

    0 - $offset

but you may have intended it to mean:

    0 (-$offset)

Add a space after - to clarify that it's meant to be a binary operation, or wrap
it in parentheses to make it a unary operation. This will be an error in future
versions of Sass.

More info and automated migrator: https://sass-lang.com/d/strict-unary

   ╷
30 │             margin: 0 -$offset;
   │                     ^^^^^^^^^^
   ╵
    src\sass\components\full\start_new.scss 30:21  @import
    src\sass\app.scss 38:9                         root stylesheet

WARNING: 86 repetitive deprecation warnings omitted.

DEPRECATION WARNING [legacy-js-api]: The legacy JS API is deprecated and will be removed in Dart Sass 2.0.0.

More info: https://sass-lang.com/d/legacy-js-api

DEPRECATION WARNING [legacy-js-api]: The legacy JS API is deprecated and will be removed in Dart Sass 2.0.0.

More info: https://sass-lang.com/d/legacy-js-api

DEPRECATION WARNING [legacy-js-api]: The legacy JS API is deprecated and will be removed in Dart Sass 2.0.0.

More info: https://sass-lang.com/d/legacy-js-api

DEPRECATION WARNING [legacy-js-api]: The legacy JS API is deprecated and will be removed in Dart Sass 2.0.0.

More info: https://sass-lang.com/d/legacy-js-api

DEPRECATION WARNING [legacy-js-api]: The legacy JS API is deprecated and will be removed in Dart Sass 2.0.0.

More info: https://sass-lang.com/d/legacy-js-api

DEPRECATION WARNING [legacy-js-api]: The legacy JS API is deprecated and will be removed in Dart Sass 2.0.0.

More info: https://sass-lang.com/d/legacy-js-api

DEPRECATION WARNING [legacy-js-api]: The legacy JS API is deprecated and will be removed in Dart Sass 2.0.0.

More info: https://sass-lang.com/d/legacy-js-api

DEPRECATION WARNING [legacy-js-api]: The legacy JS API is deprecated and will be removed in Dart Sass 2.0.0.

More info: https://sass-lang.com/d/legacy-js-api

DEPRECATION WARNING [legacy-js-api]: The legacy JS API is deprecated and will be removed in Dart Sass 2.0.0.

More info: https://sass-lang.com/d/legacy-js-api

DEPRECATION WARNING [legacy-js-api]: The legacy JS API is deprecated and will be removed in Dart Sass 2.0.0.

More info: https://sass-lang.com/d/legacy-js-api

DEPRECATION WARNING [legacy-js-api]: The legacy JS API is deprecated and will be removed in Dart Sass 2.0.0.

More info: https://sass-lang.com/d/legacy-js-api

DEPRECATION WARNING [legacy-js-api]: The legacy JS API is deprecated and will be removed in Dart Sass 2.0.0.

More info: https://sass-lang.com/d/legacy-js-api

DEPRECATION WARNING [import]: Sass @import rules are deprecated and will be removed in Dart Sass 3.0.0.

More info and automated migrator: https://sass-lang.com/d/import

   ╷
13 │ @import 'components/welcome';
   │         ^^^^^^^^^^^^^^^^^^^^
   ╵
    src\sass\app.scss 13:9  root stylesheet

DEPRECATION WARNING [import]: Sass @import rules are deprecated and will be removed in Dart Sass 3.0.0.

More info and automated migrator: https://sass-lang.com/d/import

   ╷
14 │ @import 'components/lang';
   │         ^^^^^^^^^^^^^^^^^
   ╵
    src\sass\app.scss 14:9  root stylesheet

DEPRECATION WARNING [import]: Sass @import rules are deprecated and will be removed in Dart Sass 3.0.0.

More info and automated migrator: https://sass-lang.com/d/import

   ╷
15 │ @import 'components/main';
   │         ^^^^^^^^^^^^^^^^^
   ╵
    src\sass\app.scss 15:9  root stylesheet

DEPRECATION WARNING [import]: Sass @import rules are deprecated and will be removed in Dart Sass 3.0.0.

More info and automated migrator: https://sass-lang.com/d/import

   ╷
16 │ @import 'components/navigation_bar';
   │         ^^^^^^^^^^^^^^^^^^^^^^^^^^^
   ╵
    src\sass\app.scss 16:9  root stylesheet

DEPRECATION WARNING [import]: Sass @import rules are deprecated and will be removed in Dart Sass 3.0.0.

More info and automated migrator: https://sass-lang.com/d/import

   ╷
17 │ @import 'components/head_backward';
   │         ^^^^^^^^^^^^^^^^^^^^^^^^^^
   ╵
    src\sass\app.scss 17:9  root stylesheet

DEPRECATION WARNING [strict-unary]: This operation is parsed as:

    0 - $offset

but you may have intended it to mean:

    0 (-$offset)

Add a space after - to clarify that it's meant to be a binary operation, or wrap
it in parentheses to make it a unary operation. This will be an error in future
versions of Sass.

More info and automated migrator: https://sass-lang.com/d/strict-unary

    ╷
227 │                 margin: 0 -$offset;
    │                         ^^^^^^^^^^
    ╵
    src\sass\components\full\start.scss 227:25  @import
    src\sass\app.scss 37:9                      root stylesheet

DEPRECATION WARNING [strict-unary]: This operation is parsed as:

    0 - $offset

but you may have intended it to mean:

    0 (-$offset)

Add a space after - to clarify that it's meant to be a binary operation, or wrap
it in parentheses to make it a unary operation. This will be an error in future
versions of Sass.

More info and automated migrator: https://sass-lang.com/d/strict-unary

   ╷
30 │             margin: 0 -$offset;
   │                     ^^^^^^^^^^
   ╵
    src\sass\components\full\start_new.scss 30:21  @import
    src\sass\app.scss 38:9                         root stylesheet

WARNING: 86 repetitive deprecation warnings omitted.

DEPRECATION WARNING [legacy-js-api]: The legacy JS API is deprecated and will be removed in Dart Sass 2.0.0.

More info: https://sass-lang.com/d/legacy-js-api

DEPRECATION WARNING [legacy-js-api]: The legacy JS API is deprecated and will be removed in Dart Sass 2.0.0.

More info: https://sass-lang.com/d/legacy-js-api

DEPRECATION WARNING [legacy-js-api]: The legacy JS API is deprecated and will be removed in Dart Sass 2.0.0.

More info: https://sass-lang.com/d/legacy-js-api

DEPRECATION WARNING [legacy-js-api]: The legacy JS API is deprecated and will be removed in Dart Sass 2.0.0.

More info: https://sass-lang.com/d/legacy-js-api

DEPRECATION WARNING [legacy-js-api]: The legacy JS API is deprecated and will be removed in Dart Sass 2.0.0.

More info: https://sass-lang.com/d/legacy-js-api

DEPRECATION WARNING [legacy-js-api]: The legacy JS API is deprecated and will be removed in Dart Sass 2.0.0.

More info: https://sass-lang.com/d/legacy-js-api

DEPRECATION WARNING [legacy-js-api]: The legacy JS API is deprecated and will be removed in Dart Sass 2.0.0.

More info: https://sass-lang.com/d/legacy-js-api

DEPRECATION WARNING [legacy-js-api]: The legacy JS API is deprecated and will be removed in Dart Sass 2.0.0.

More info: https://sass-lang.com/d/legacy-js-api

DEPRECATION WARNING [legacy-js-api]: The legacy JS API is deprecated and will be removed in Dart Sass 2.0.0.

More info: https://sass-lang.com/d/legacy-js-api

DEPRECATION WARNING [legacy-js-api]: The legacy JS API is deprecated and will be removed in Dart Sass 2.0.0.

More info: https://sass-lang.com/d/legacy-js-api

DEPRECATION WARNING [legacy-js-api]: The legacy JS API is deprecated and will be removed in Dart Sass 2.0.0.

More info: https://sass-lang.com/d/legacy-js-api

DEPRECATION WARNING [legacy-js-api]: The legacy JS API is deprecated and will be removed in Dart Sass 2.0.0.

More info: https://sass-lang.com/d/legacy-js-api

DEPRECATION WARNING [import]: Sass @import rules are deprecated and will be removed in Dart Sass 3.0.0.

More info and automated migrator: https://sass-lang.com/d/import

   ╷
13 │ @import 'components/welcome';
   │         ^^^^^^^^^^^^^^^^^^^^
   ╵
    src\sass\app.scss 13:9  root stylesheet

DEPRECATION WARNING [import]: Sass @import rules are deprecated and will be removed in Dart Sass 3.0.0.

More info and automated migrator: https://sass-lang.com/d/import

   ╷
14 │ @import 'components/lang';
   │         ^^^^^^^^^^^^^^^^^
   ╵
    src\sass\app.scss 14:9  root stylesheet

DEPRECATION WARNING [import]: Sass @import rules are deprecated and will be removed in Dart Sass 3.0.0.

More info and automated migrator: https://sass-lang.com/d/import

   ╷
15 │ @import 'components/main';
   │         ^^^^^^^^^^^^^^^^^
   ╵
    src\sass\app.scss 15:9  root stylesheet

DEPRECATION WARNING [import]: Sass @import rules are deprecated and will be removed in Dart Sass 3.0.0.

More info and automated migrator: https://sass-lang.com/d/import

   ╷
16 │ @import 'components/navigation_bar';
   │         ^^^^^^^^^^^^^^^^^^^^^^^^^^^
   ╵
    src\sass\app.scss 16:9  root stylesheet

DEPRECATION WARNING [import]: Sass @import rules are deprecated and will be removed in Dart Sass 3.0.0.

More info and automated migrator: https://sass-lang.com/d/import

   ╷
17 │ @import 'components/head_backward';
   │         ^^^^^^^^^^^^^^^^^^^^^^^^^^
   ╵
    src\sass\app.scss 17:9  root stylesheet

DEPRECATION WARNING [strict-unary]: This operation is parsed as:

    0 - $offset

but you may have intended it to mean:

    0 (-$offset)

Add a space after - to clarify that it's meant to be a binary operation, or wrap
it in parentheses to make it a unary operation. This will be an error in future
versions of Sass.

More info and automated migrator: https://sass-lang.com/d/strict-unary

    ╷
227 │                 margin: 0 -$offset;
    │                         ^^^^^^^^^^
    ╵
    src\sass\components\full\start.scss 227:25  @import
    src\sass\app.scss 37:9                      root stylesheet

DEPRECATION WARNING [strict-unary]: This operation is parsed as:

    0 - $offset

but you may have intended it to mean:

    0 (-$offset)

Add a space after - to clarify that it's meant to be a binary operation, or wrap
it in parentheses to make it a unary operation. This will be an error in future
versions of Sass.

More info and automated migrator: https://sass-lang.com/d/strict-unary

   ╷
30 │             margin: 0 -$offset;
   │                     ^^^^^^^^^^
   ╵
    src\sass\components\full\start_new.scss 30:21  @import
    src\sass\app.scss 38:9                         root stylesheet

WARNING: 86 repetitive deprecation warnings omitted.

DEPRECATION WARNING [legacy-js-api]: The legacy JS API is deprecated and will be removed in Dart Sass 2.0.0.

More info: https://sass-lang.com/d/legacy-js-api

DEPRECATION WARNING [legacy-js-api]: The legacy JS API is deprecated and will be removed in Dart Sass 2.0.0.

More info: https://sass-lang.com/d/legacy-js-api

DEPRECATION WARNING [legacy-js-api]: The legacy JS API is deprecated and will be removed in Dart Sass 2.0.0.

More info: https://sass-lang.com/d/legacy-js-api

DEPRECATION WARNING [legacy-js-api]: The legacy JS API is deprecated and will be removed in Dart Sass 2.0.0.

More info: https://sass-lang.com/d/legacy-js-api

DEPRECATION WARNING [legacy-js-api]: The legacy JS API is deprecated and will be removed in Dart Sass 2.0.0.

More info: https://sass-lang.com/d/legacy-js-api

DEPRECATION WARNING [legacy-js-api]: The legacy JS API is deprecated and will be removed in Dart Sass 2.0.0.

More info: https://sass-lang.com/d/legacy-js-api

DEPRECATION WARNING [legacy-js-api]: The legacy JS API is deprecated and will be removed in Dart Sass 2.0.0.

More info: https://sass-lang.com/d/legacy-js-api

DEPRECATION WARNING [legacy-js-api]: The legacy JS API is deprecated and will be removed in Dart Sass 2.0.0.

More info: https://sass-lang.com/d/legacy-js-api

DEPRECATION WARNING [legacy-js-api]: The legacy JS API is deprecated and will be removed in Dart Sass 2.0.0.

More info: https://sass-lang.com/d/legacy-js-api

DEPRECATION WARNING [legacy-js-api]: The legacy JS API is deprecated and will be removed in Dart Sass 2.0.0.

More info: https://sass-lang.com/d/legacy-js-api

DEPRECATION WARNING [legacy-js-api]: The legacy JS API is deprecated and will be removed in Dart Sass 2.0.0.

More info: https://sass-lang.com/d/legacy-js-api

DEPRECATION WARNING [legacy-js-api]: The legacy JS API is deprecated and will be removed in Dart Sass 2.0.0.

More info: https://sass-lang.com/d/legacy-js-api

DEPRECATION WARNING [legacy-js-api]: The legacy JS API is deprecated and will be removed in Dart Sass 2.0.0.

More info: https://sass-lang.com/d/legacy-js-api

DEPRECATION WARNING [import]: Sass @import rules are deprecated and will be removed in Dart Sass 3.0.0.

More info and automated migrator: https://sass-lang.com/d/import

   ╷
13 │ @import 'components/welcome';
   │         ^^^^^^^^^^^^^^^^^^^^
   ╵
    src\sass\app.scss 13:9  root stylesheet

DEPRECATION WARNING [import]: Sass @import rules are deprecated and will be removed in Dart Sass 3.0.0.

More info and automated migrator: https://sass-lang.com/d/import

   ╷
14 │ @import 'components/lang';
   │         ^^^^^^^^^^^^^^^^^
   ╵
    src\sass\app.scss 14:9  root stylesheet

DEPRECATION WARNING [import]: Sass @import rules are deprecated and will be removed in Dart Sass 3.0.0.

More info and automated migrator: https://sass-lang.com/d/import

   ╷
15 │ @import 'components/main';
   │         ^^^^^^^^^^^^^^^^^
   ╵
    src\sass\app.scss 15:9  root stylesheet

DEPRECATION WARNING [import]: Sass @import rules are deprecated and will be removed in Dart Sass 3.0.0.

More info and automated migrator: https://sass-lang.com/d/import

   ╷
16 │ @import 'components/navigation_bar';
   │         ^^^^^^^^^^^^^^^^^^^^^^^^^^^
   ╵
    src\sass\app.scss 16:9  root stylesheet

DEPRECATION WARNING [import]: Sass @import rules are deprecated and will be removed in Dart Sass 3.0.0.

More info and automated migrator: https://sass-lang.com/d/import

   ╷
17 │ @import 'components/head_backward';
   │         ^^^^^^^^^^^^^^^^^^^^^^^^^^
   ╵
    src\sass\app.scss 17:9  root stylesheet

DEPRECATION WARNING [strict-unary]: This operation is parsed as:

    0 - $offset

but you may have intended it to mean:

    0 (-$offset)

Add a space after - to clarify that it's meant to be a binary operation, or wrap
it in parentheses to make it a unary operation. This will be an error in future
versions of Sass.

More info and automated migrator: https://sass-lang.com/d/strict-unary

    ╷
227 │                 margin: 0 -$offset;
    │                         ^^^^^^^^^^
    ╵
    src\sass\components\full\start.scss 227:25  @import
    src\sass\app.scss 37:9                      root stylesheet

DEPRECATION WARNING [strict-unary]: This operation is parsed as:

    0 - $offset

but you may have intended it to mean:

    0 (-$offset)

Add a space after - to clarify that it's meant to be a binary operation, or wrap
it in parentheses to make it a unary operation. This will be an error in future
versions of Sass.

More info and automated migrator: https://sass-lang.com/d/strict-unary

   ╷
30 │             margin: 0 -$offset;
   │                     ^^^^^^^^^^
   ╵
    src\sass\components\full\start_new.scss 30:21  @import
    src\sass\app.scss 38:9                         root stylesheet

WARNING: 86 repetitive deprecation warnings omitted.

DEPRECATION WARNING [legacy-js-api]: The legacy JS API is deprecated and will be removed in Dart Sass 2.0.0.

More info: https://sass-lang.com/d/legacy-js-api

DEPRECATION WARNING [legacy-js-api]: The legacy JS API is deprecated and will be removed in Dart Sass 2.0.0.

More info: https://sass-lang.com/d/legacy-js-api

DEPRECATION WARNING [legacy-js-api]: The legacy JS API is deprecated and will be removed in Dart Sass 2.0.0.

More info: https://sass-lang.com/d/legacy-js-api

DEPRECATION WARNING [legacy-js-api]: The legacy JS API is deprecated and will be removed in Dart Sass 2.0.0.

More info: https://sass-lang.com/d/legacy-js-api

DEPRECATION WARNING [legacy-js-api]: The legacy JS API is deprecated and will be removed in Dart Sass 2.0.0.

More info: https://sass-lang.com/d/legacy-js-api

DEPRECATION WARNING [legacy-js-api]: The legacy JS API is deprecated and will be removed in Dart Sass 2.0.0.

More info: https://sass-lang.com/d/legacy-js-api

DEPRECATION WARNING [legacy-js-api]: The legacy JS API is deprecated and will be removed in Dart Sass 2.0.0.

More info: https://sass-lang.com/d/legacy-js-api

DEPRECATION WARNING [legacy-js-api]: The legacy JS API is deprecated and will be removed in Dart Sass 2.0.0.

More info: https://sass-lang.com/d/legacy-js-api

DEPRECATION WARNING [legacy-js-api]: The legacy JS API is deprecated and will be removed in Dart Sass 2.0.0.

More info: https://sass-lang.com/d/legacy-js-api

DEPRECATION WARNING [legacy-js-api]: The legacy JS API is deprecated and will be removed in Dart Sass 2.0.0.

More info: https://sass-lang.com/d/legacy-js-api

DEPRECATION WARNING [legacy-js-api]: The legacy JS API is deprecated and will be removed in Dart Sass 2.0.0.

More info: https://sass-lang.com/d/legacy-js-api

DEPRECATION WARNING [import]: Sass @import rules are deprecated and will be removed in Dart Sass 3.0.0.

More info and automated migrator: https://sass-lang.com/d/import

   ╷
13 │ @import 'components/welcome';
   │         ^^^^^^^^^^^^^^^^^^^^
   ╵
    src\sass\app.scss 13:9  root stylesheet

DEPRECATION WARNING [import]: Sass @import rules are deprecated and will be removed in Dart Sass 3.0.0.

More info and automated migrator: https://sass-lang.com/d/import

   ╷
14 │ @import 'components/lang';
   │         ^^^^^^^^^^^^^^^^^
   ╵
    src\sass\app.scss 14:9  root stylesheet

DEPRECATION WARNING [import]: Sass @import rules are deprecated and will be removed in Dart Sass 3.0.0.

More info and automated migrator: https://sass-lang.com/d/import

   ╷
15 │ @import 'components/main';
   │         ^^^^^^^^^^^^^^^^^
   ╵
    src\sass\app.scss 15:9  root stylesheet

DEPRECATION WARNING [import]: Sass @import rules are deprecated and will be removed in Dart Sass 3.0.0.

More info and automated migrator: https://sass-lang.com/d/import

   ╷
16 │ @import 'components/navigation_bar';
   │         ^^^^^^^^^^^^^^^^^^^^^^^^^^^
   ╵
    src\sass\app.scss 16:9  root stylesheet

DEPRECATION WARNING [import]: Sass @import rules are deprecated and will be removed in Dart Sass 3.0.0.

More info and automated migrator: https://sass-lang.com/d/import

   ╷
17 │ @import 'components/head_backward';
   │         ^^^^^^^^^^^^^^^^^^^^^^^^^^
   ╵
    src\sass\app.scss 17:9  root stylesheet

DEPRECATION WARNING [strict-unary]: This operation is parsed as:

    0 - $offset

but you may have intended it to mean:

    0 (-$offset)

Add a space after - to clarify that it's meant to be a binary operation, or wrap
it in parentheses to make it a unary operation. This will be an error in future
versions of Sass.

More info and automated migrator: https://sass-lang.com/d/strict-unary

    ╷
227 │                 margin: 0 -$offset;
    │                         ^^^^^^^^^^
    ╵
    src\sass\components\full\start.scss 227:25  @import
    src\sass\app.scss 37:9                      root stylesheet

DEPRECATION WARNING [strict-unary]: This operation is parsed as:

    0 - $offset

but you may have intended it to mean:

    0 (-$offset)

Add a space after - to clarify that it's meant to be a binary operation, or wrap
it in parentheses to make it a unary operation. This will be an error in future
versions of Sass.

More info and automated migrator: https://sass-lang.com/d/strict-unary

   ╷
30 │             margin: 0 -$offset;
   │                     ^^^^^^^^^^
   ╵
    src\sass\components\full\start_new.scss 30:21  @import
    src\sass\app.scss 38:9                         root stylesheet

WARNING: 86 repetitive deprecation warnings omitted.

DEPRECATION WARNING [legacy-js-api]: The legacy JS API is deprecated and will be removed in Dart Sass 2.0.0.

More info: https://sass-lang.com/d/legacy-js-api

DEPRECATION WARNING [legacy-js-api]: The legacy JS API is deprecated and will be removed in Dart Sass 2.0.0.

More info: https://sass-lang.com/d/legacy-js-api

DEPRECATION WARNING [legacy-js-api]: The legacy JS API is deprecated and will be removed in Dart Sass 2.0.0.

More info: https://sass-lang.com/d/legacy-js-api

DEPRECATION WARNING [legacy-js-api]: The legacy JS API is deprecated and will be removed in Dart Sass 2.0.0.

More info: https://sass-lang.com/d/legacy-js-api

DEPRECATION WARNING [legacy-js-api]: The legacy JS API is deprecated and will be removed in Dart Sass 2.0.0.

More info: https://sass-lang.com/d/legacy-js-api

DEPRECATION WARNING [legacy-js-api]: The legacy JS API is deprecated and will be removed in Dart Sass 2.0.0.

More info: https://sass-lang.com/d/legacy-js-api

DEPRECATION WARNING [legacy-js-api]: The legacy JS API is deprecated and will be removed in Dart Sass 2.0.0.

More info: https://sass-lang.com/d/legacy-js-api

DEPRECATION WARNING [legacy-js-api]: The legacy JS API is deprecated and will be removed in Dart Sass 2.0.0.

More info: https://sass-lang.com/d/legacy-js-api

DEPRECATION WARNING [legacy-js-api]: The legacy JS API is deprecated and will be removed in Dart Sass 2.0.0.

More info: https://sass-lang.com/d/legacy-js-api

DEPRECATION WARNING [legacy-js-api]: The legacy JS API is deprecated and will be removed in Dart Sass 2.0.0.

More info: https://sass-lang.com/d/legacy-js-api

DEPRECATION WARNING [legacy-js-api]: The legacy JS API is deprecated and will be removed in Dart Sass 2.0.0.

More info: https://sass-lang.com/d/legacy-js-api

DEPRECATION WARNING [legacy-js-api]: The legacy JS API is deprecated and will be removed in Dart Sass 2.0.0.

More info: https://sass-lang.com/d/legacy-js-api

DEPRECATION WARNING [legacy-js-api]: The legacy JS API is deprecated and will be removed in Dart Sass 2.0.0.

More info: https://sass-lang.com/d/legacy-js-api

DEPRECATION WARNING [import]: Sass @import rules are deprecated and will be removed in Dart Sass 3.0.0.

More info and automated migrator: https://sass-lang.com/d/import

   ╷
13 │ @import 'components/welcome';
   │         ^^^^^^^^^^^^^^^^^^^^
   ╵
    src\sass\app.scss 13:9  root stylesheet

DEPRECATION WARNING [import]: Sass @import rules are deprecated and will be removed in Dart Sass 3.0.0.

More info and automated migrator: https://sass-lang.com/d/import

   ╷
14 │ @import 'components/lang';
   │         ^^^^^^^^^^^^^^^^^
   ╵
    src\sass\app.scss 14:9  root stylesheet

DEPRECATION WARNING [import]: Sass @import rules are deprecated and will be removed in Dart Sass 3.0.0.

More info and automated migrator: https://sass-lang.com/d/import

   ╷
15 │ @import 'components/main';
   │         ^^^^^^^^^^^^^^^^^
   ╵
    src\sass\app.scss 15:9  root stylesheet

DEPRECATION WARNING [import]: Sass @import rules are deprecated and will be removed in Dart Sass 3.0.0.

More info and automated migrator: https://sass-lang.com/d/import

   ╷
16 │ @import 'components/navigation_bar';
   │         ^^^^^^^^^^^^^^^^^^^^^^^^^^^
   ╵
    src\sass\app.scss 16:9  root stylesheet

DEPRECATION WARNING [import]: Sass @import rules are deprecated and will be removed in Dart Sass 3.0.0.

More info and automated migrator: https://sass-lang.com/d/import

   ╷
17 │ @import 'components/head_backward';
   │         ^^^^^^^^^^^^^^^^^^^^^^^^^^
   ╵
    src\sass\app.scss 17:9  root stylesheet

DEPRECATION WARNING [strict-unary]: This operation is parsed as:

    0 - $offset

but you may have intended it to mean:

    0 (-$offset)

Add a space after - to clarify that it's meant to be a binary operation, or wrap
it in parentheses to make it a unary operation. This will be an error in future
versions of Sass.

More info and automated migrator: https://sass-lang.com/d/strict-unary

    ╷
227 │                 margin: 0 -$offset;
    │                         ^^^^^^^^^^
    ╵
    src\sass\components\full\start.scss 227:25  @import
    src\sass\app.scss 37:9                      root stylesheet

DEPRECATION WARNING [strict-unary]: This operation is parsed as:

    0 - $offset

but you may have intended it to mean:

    0 (-$offset)

Add a space after - to clarify that it's meant to be a binary operation, or wrap
it in parentheses to make it a unary operation. This will be an error in future
versions of Sass.

More info and automated migrator: https://sass-lang.com/d/strict-unary

   ╷
30 │             margin: 0 -$offset;
   │                     ^^^^^^^^^^
   ╵
    src\sass\components\full\start_new.scss 30:21  @import
    src\sass\app.scss 38:9                         root stylesheet

WARNING: 86 repetitive deprecation warnings omitted.

DEPRECATION WARNING [legacy-js-api]: The legacy JS API is deprecated and will be removed in Dart Sass 2.0.0.

More info: https://sass-lang.com/d/legacy-js-api

DEPRECATION WARNING [legacy-js-api]: The legacy JS API is deprecated and will be removed in Dart Sass 2.0.0.

More info: https://sass-lang.com/d/legacy-js-api

DEPRECATION WARNING [legacy-js-api]: The legacy JS API is deprecated and will be removed in Dart Sass 2.0.0.

More info: https://sass-lang.com/d/legacy-js-api

DEPRECATION WARNING [legacy-js-api]: The legacy JS API is deprecated and will be removed in Dart Sass 2.0.0.

More info: https://sass-lang.com/d/legacy-js-api

DEPRECATION WARNING [legacy-js-api]: The legacy JS API is deprecated and will be removed in Dart Sass 2.0.0.

More info: https://sass-lang.com/d/legacy-js-api

DEPRECATION WARNING [legacy-js-api]: The legacy JS API is deprecated and will be removed in Dart Sass 2.0.0.

More info: https://sass-lang.com/d/legacy-js-api

DEPRECATION WARNING [legacy-js-api]: The legacy JS API is deprecated and will be removed in Dart Sass 2.0.0.

More info: https://sass-lang.com/d/legacy-js-api

DEPRECATION WARNING [legacy-js-api]: The legacy JS API is deprecated and will be removed in Dart Sass 2.0.0.

More info: https://sass-lang.com/d/legacy-js-api

DEPRECATION WARNING [legacy-js-api]: The legacy JS API is deprecated and will be removed in Dart Sass 2.0.0.

More info: https://sass-lang.com/d/legacy-js-api

DEPRECATION WARNING [legacy-js-api]: The legacy JS API is deprecated and will be removed in Dart Sass 2.0.0.

More info: https://sass-lang.com/d/legacy-js-api

DEPRECATION WARNING [legacy-js-api]: The legacy JS API is deprecated and will be removed in Dart Sass 2.0.0.

More info: https://sass-lang.com/d/legacy-js-api

DEPRECATION WARNING [legacy-js-api]: The legacy JS API is deprecated and will be removed in Dart Sass 2.0.0.

More info: https://sass-lang.com/d/legacy-js-api

DEPRECATION WARNING [import]: Sass @import rules are deprecated and will be removed in Dart Sass 3.0.0.

More info and automated migrator: https://sass-lang.com/d/import

   ╷
13 │ @import 'components/welcome';
   │         ^^^^^^^^^^^^^^^^^^^^
   ╵
    src\sass\app.scss 13:9  root stylesheet

DEPRECATION WARNING [import]: Sass @import rules are deprecated and will be removed in Dart Sass 3.0.0.

More info and automated migrator: https://sass-lang.com/d/import

   ╷
14 │ @import 'components/lang';
   │         ^^^^^^^^^^^^^^^^^
   ╵
    src\sass\app.scss 14:9  root stylesheet

DEPRECATION WARNING [import]: Sass @import rules are deprecated and will be removed in Dart Sass 3.0.0.

More info and automated migrator: https://sass-lang.com/d/import

   ╷
15 │ @import 'components/main';
   │         ^^^^^^^^^^^^^^^^^
   ╵
    src\sass\app.scss 15:9  root stylesheet

DEPRECATION WARNING [import]: Sass @import rules are deprecated and will be removed in Dart Sass 3.0.0.

More info and automated migrator: https://sass-lang.com/d/import

   ╷
16 │ @import 'components/navigation_bar';
   │         ^^^^^^^^^^^^^^^^^^^^^^^^^^^
   ╵
    src\sass\app.scss 16:9  root stylesheet

DEPRECATION WARNING [import]: Sass @import rules are deprecated and will be removed in Dart Sass 3.0.0.

More info and automated migrator: https://sass-lang.com/d/import

   ╷
17 │ @import 'components/head_backward';
   │         ^^^^^^^^^^^^^^^^^^^^^^^^^^
   ╵
    src\sass\app.scss 17:9  root stylesheet

DEPRECATION WARNING [strict-unary]: This operation is parsed as:

    0 - $offset

but you may have intended it to mean:

    0 (-$offset)

Add a space after - to clarify that it's meant to be a binary operation, or wrap
it in parentheses to make it a unary operation. This will be an error in future
versions of Sass.

More info and automated migrator: https://sass-lang.com/d/strict-unary

    ╷
227 │                 margin: 0 -$offset;
    │                         ^^^^^^^^^^
    ╵
    src\sass\components\full\start.scss 227:25  @import
    src\sass\app.scss 37:9                      root stylesheet

DEPRECATION WARNING [strict-unary]: This operation is parsed as:

    0 - $offset

but you may have intended it to mean:

    0 (-$offset)

Add a space after - to clarify that it's meant to be a binary operation, or wrap
it in parentheses to make it a unary operation. This will be an error in future
versions of Sass.

More info and automated migrator: https://sass-lang.com/d/strict-unary

   ╷
30 │             margin: 0 -$offset;
   │                     ^^^^^^^^^^
   ╵
    src\sass\components\full\start_new.scss 30:21  @import
    src\sass\app.scss 38:9                         root stylesheet

WARNING: 86 repetitive deprecation warnings omitted.

